app/build/intermediates/manifest_merge_blame_file/debug/manifest-merger-blame-debug-report.txt
1<?xml version="1.0" encoding="utf-8"?>
2<manifest xmlns:android="http://schemas.android.com/apk/res/android"
3    package="com.example.Skin_Identification_"
4    android:versionCode="1"
5    android:versionName="1.0" >
6
7    <uses-sdk
8        android:minSdkVersion="21"
8-->src\main\AndroidManifest.xml
9        android:targetSdkVersion="32" />
9-->src\main\AndroidManifest.xml
10    <!-- 網路存取權限 -->
11    <uses-permission android:name="android.permission.INTERNET" />
11-->src\main\AndroidManifest.xml:5:5-67
11-->src\main\AndroidManifest.xml:5:22-64
12    <uses-permission android:name="android.permission.ACCESS_NETWORK_STATE" />
12-->[com.google.firebase:firebase-auth:21.0.7] AndroidManifest.xml:24:5-79
12-->[com.google.firebase:firebase-auth:21.0.7] AndroidManifest.xml:24:22-76
13    <uses-permission android:name="android.permission.WAKE_LOCK" />
13-->[com.google.android.gms:play-services-measurement-api:21.1.0] AndroidManifest.xml:24:5-68
13-->[com.google.android.gms:play-services-measurement-api:21.1.0] AndroidManifest.xml:24:22-65
14    <uses-permission android:name="com.google.android.gms.permission.AD_ID" />
14-->[com.google.android.gms:play-services-measurement-api:21.1.0] AndroidManifest.xml:25:5-79
14-->[com.google.android.gms:play-services-measurement-api:21.1.0] AndroidManifest.xml:25:22-76
15    <uses-permission android:name="com.google.android.finsky.permission.BIND_GET_INSTALL_REFERRER_SERVICE" />
15-->[com.google.android.gms:play-services-measurement:21.1.0] AndroidManifest.xml:26:5-110
15-->[com.google.android.gms:play-services-measurement:21.1.0] AndroidManifest.xml:26:22-107
16
17    <application
17-->src\main\AndroidManifest.xml:7:5-46:19
18        android:allowBackup="true"
18-->src\main\AndroidManifest.xml:8:9-35
19        android:appComponentFactory="androidx.core.app.CoreComponentFactory"
19-->[androidx.core:core:1.7.0] AndroidManifest.xml:24:18-86
20        android:debuggable="true"
21        android:icon="@drawable/app_icon"
21-->src\main\AndroidManifest.xml:9:9-42
22        android:label="@string/app_name"
22-->src\main\AndroidManifest.xml:10:9-41
23        android:roundIcon="@drawable/app_icon"
23-->src\main\AndroidManifest.xml:11:9-47
24        android:supportsRtl="true"
24-->src\main\AndroidManifest.xml:12:9-35
25        android:testOnly="true"
26        android:theme="@style/Theme.UI_Design" >
26-->src\main\AndroidManifest.xml:13:9-47
27        <activity
27-->src\main\AndroidManifest.xml:14:9-20:20
28            android:name="com.example.Skin_Identification_.IdentifyingHistory"
28-->src\main\AndroidManifest.xml:15:13-47
29            android:exported="false" >
29-->src\main\AndroidManifest.xml:16:13-37
30            <meta-data
30-->src\main\AndroidManifest.xml:17:13-19:36
31                android:name="android.app.lib_name"
31-->src\main\AndroidManifest.xml:18:17-52
32                android:value="" />
32-->src\main\AndroidManifest.xml:19:17-33
33        </activity>
34        <activity
34-->src\main\AndroidManifest.xml:21:9-27:20
35            android:name="com.example.Skin_Identification_.PersonnalImformationEdit"
35-->src\main\AndroidManifest.xml:22:13-53
36            android:exported="false" >
36-->src\main\AndroidManifest.xml:23:13-37
37            <meta-data
37-->src\main\AndroidManifest.xml:17:13-19:36
38                android:name="android.app.lib_name"
38-->src\main\AndroidManifest.xml:18:17-52
39                android:value="" />
39-->src\main\AndroidManifest.xml:19:17-33
40        </activity>
41        <activity
41-->src\main\AndroidManifest.xml:28:9-30:40
42            android:name="com.example.Skin_Identification_.PersonnalImformation"
42-->src\main\AndroidManifest.xml:29:13-49
43            android:exported="false" />
43-->src\main\AndroidManifest.xml:30:13-37
44        <activity
44-->src\main\AndroidManifest.xml:31:9-33:40
45            android:name="com.example.Skin_Identification_.AppHome"
45-->src\main\AndroidManifest.xml:32:13-36
46            android:exported="false" />
46-->src\main\AndroidManifest.xml:33:13-37
47        <activity
47-->src\main\AndroidManifest.xml:34:9-36:40
48            android:name="com.example.Skin_Identification_.Login"
48-->src\main\AndroidManifest.xml:35:13-34
49            android:exported="false" />
49-->src\main\AndroidManifest.xml:36:13-37
50        <activity
50-->src\main\AndroidManifest.xml:37:9-45:20
51            android:name="com.example.Skin_Identification_.MainActivity"
51-->src\main\AndroidManifest.xml:38:13-41
52            android:exported="true" >
52-->src\main\AndroidManifest.xml:39:13-36
53            <intent-filter>
53-->src\main\AndroidManifest.xml:40:13-44:29
54                <action android:name="android.intent.action.MAIN" />
54-->src\main\AndroidManifest.xml:41:17-69
54-->src\main\AndroidManifest.xml:41:25-66
55
56                <category android:name="android.intent.category.LAUNCHER" />
56-->src\main\AndroidManifest.xml:43:17-77
56-->src\main\AndroidManifest.xml:43:27-74
57            </intent-filter>
58        </activity>
59
60        <service
60-->[com.google.firebase:firebase-firestore-ktx:24.3.1] AndroidManifest.xml:12:9-18:19
61            android:name="com.google.firebase.components.ComponentDiscoveryService"
61-->[com.google.firebase:firebase-firestore-ktx:24.3.1] AndroidManifest.xml:13:13-84
62            android:directBootAware="true"
62-->[com.google.firebase:firebase-common:20.1.2] AndroidManifest.xml:35:13-43
63            android:exported="false" >
63-->[com.google.firebase:firebase-firestore-ktx:24.3.1] AndroidManifest.xml:14:13-37
64            <meta-data
64-->[com.google.firebase:firebase-firestore-ktx:24.3.1] AndroidManifest.xml:15:13-17:85
65                android:name="com.google.firebase.components:com.google.firebase.firestore.ktx.FirebaseFirestoreKtxRegistrar"
65-->[com.google.firebase:firebase-firestore-ktx:24.3.1] AndroidManifest.xml:16:17-126
66                android:value="com.google.firebase.components.ComponentRegistrar" />
66-->[com.google.firebase:firebase-firestore-ktx:24.3.1] AndroidManifest.xml:17:17-82
67            <meta-data
67-->[com.google.firebase:firebase-auth-ktx:21.0.7] AndroidManifest.xml:11:13-13:85
68                android:name="com.google.firebase.components:com.google.firebase.auth.ktx.FirebaseAuthKtxRegistrar"
68-->[com.google.firebase:firebase-auth-ktx:21.0.7] AndroidManifest.xml:12:17-116
69                android:value="com.google.firebase.components.ComponentRegistrar" />
69-->[com.google.firebase:firebase-auth-ktx:21.0.7] AndroidManifest.xml:13:17-82
70            <meta-data
70-->[com.google.firebase:firebase-analytics-ktx:21.1.0] AndroidManifest.xml:11:13-13:85
71                android:name="com.google.firebase.components:com.google.firebase.analytics.ktx.FirebaseAnalyticsKtxRegistrar"
71-->[com.google.firebase:firebase-analytics-ktx:21.1.0] AndroidManifest.xml:12:17-126
72                android:value="com.google.firebase.components.ComponentRegistrar" />
72-->[com.google.firebase:firebase-analytics-ktx:21.1.0] AndroidManifest.xml:13:17-82
73            <meta-data
73-->[com.google.firebase:firebase-auth:21.0.7] AndroidManifest.xml:67:13-69:85
74                android:name="com.google.firebase.components:com.google.firebase.auth.FirebaseAuthRegistrar"
74-->[com.google.firebase:firebase-auth:21.0.7] AndroidManifest.xml:68:17-109
75                android:value="com.google.firebase.components.ComponentRegistrar" />
75-->[com.google.firebase:firebase-auth:21.0.7] AndroidManifest.xml:69:17-82
76            <meta-data
76-->[com.google.firebase:firebase-firestore:24.3.1] AndroidManifest.xml:20:13-22:85
77                android:name="com.google.firebase.components:com.google.firebase.firestore.FirestoreRegistrar"
77-->[com.google.firebase:firebase-firestore:24.3.1] AndroidManifest.xml:21:17-111
78                android:value="com.google.firebase.components.ComponentRegistrar" />
78-->[com.google.firebase:firebase-firestore:24.3.1] AndroidManifest.xml:22:17-82
79            <meta-data
79-->[com.google.firebase:firebase-common-ktx:20.1.2] AndroidManifest.xml:15:13-17:85
80                android:name="com.google.firebase.components:com.google.firebase.ktx.FirebaseCommonKtxRegistrar"
80-->[com.google.firebase:firebase-common-ktx:20.1.2] AndroidManifest.xml:16:17-113
81                android:value="com.google.firebase.components.ComponentRegistrar" />
81-->[com.google.firebase:firebase-common-ktx:20.1.2] AndroidManifest.xml:17:17-82
82            <meta-data
82-->[com.google.android.gms:play-services-measurement-api:21.1.0] AndroidManifest.xml:31:13-33:85
83                android:name="com.google.firebase.components:com.google.firebase.analytics.connector.internal.AnalyticsConnectorRegistrar"
83-->[com.google.android.gms:play-services-measurement-api:21.1.0] AndroidManifest.xml:32:17-139
84                android:value="com.google.firebase.components.ComponentRegistrar" />
84-->[com.google.android.gms:play-services-measurement-api:21.1.0] AndroidManifest.xml:33:17-82
85            <meta-data
85-->[com.google.firebase:firebase-installations:17.0.1] AndroidManifest.xml:18:13-20:85
86                android:name="com.google.firebase.components:com.google.firebase.installations.FirebaseInstallationsRegistrar"
86-->[com.google.firebase:firebase-installations:17.0.1] AndroidManifest.xml:19:17-127
87                android:value="com.google.firebase.components.ComponentRegistrar" />
87-->[com.google.firebase:firebase-installations:17.0.1] AndroidManifest.xml:20:17-82
88        </service>
89
90        <activity
90-->[com.google.android.gms:play-services-auth:20.2.0] AndroidManifest.xml:23:9-27:75
91            android:name="com.google.android.gms.auth.api.signin.internal.SignInHubActivity"
91-->[com.google.android.gms:play-services-auth:20.2.0] AndroidManifest.xml:24:13-93
92            android:excludeFromRecents="true"
92-->[com.google.android.gms:play-services-auth:20.2.0] AndroidManifest.xml:25:13-46
93            android:exported="false"
93-->[com.google.android.gms:play-services-auth:20.2.0] AndroidManifest.xml:26:13-37
94            android:theme="@android:style/Theme.Translucent.NoTitleBar" />
94-->[com.google.android.gms:play-services-auth:20.2.0] AndroidManifest.xml:27:13-72
95        <!--
96            Service handling Google Sign-In user revocation. For apps that do not integrate with
97            Google Sign-In, this service will never be started.
98        -->
99        <service
99-->[com.google.android.gms:play-services-auth:20.2.0] AndroidManifest.xml:33:9-37:51
100            android:name="com.google.android.gms.auth.api.signin.RevocationBoundService"
100-->[com.google.android.gms:play-services-auth:20.2.0] AndroidManifest.xml:34:13-89
101            android:exported="true"
101-->[com.google.android.gms:play-services-auth:20.2.0] AndroidManifest.xml:35:13-36
102            android:permission="com.google.android.gms.auth.api.signin.permission.REVOCATION_NOTIFICATION"
102-->[com.google.android.gms:play-services-auth:20.2.0] AndroidManifest.xml:36:13-107
103            android:visibleToInstantApps="true" />
103-->[com.google.android.gms:play-services-auth:20.2.0] AndroidManifest.xml:37:13-48
104
105        <activity
105-->[com.google.firebase:firebase-auth:21.0.7] AndroidManifest.xml:27:9-44:20
106            android:name="com.google.firebase.auth.internal.GenericIdpActivity"
106-->[com.google.firebase:firebase-auth:21.0.7] AndroidManifest.xml:28:13-80
107            android:excludeFromRecents="true"
107-->[com.google.firebase:firebase-auth:21.0.7] AndroidManifest.xml:29:13-46
108            android:exported="true"
108-->[com.google.firebase:firebase-auth:21.0.7] AndroidManifest.xml:30:13-36
109            android:launchMode="singleTask"
109-->[com.google.firebase:firebase-auth:21.0.7] AndroidManifest.xml:31:13-44
110            android:theme="@android:style/Theme.Translucent.NoTitleBar" >
110-->[com.google.firebase:firebase-auth:21.0.7] AndroidManifest.xml:32:13-72
111            <intent-filter>
111-->[com.google.firebase:firebase-auth:21.0.7] AndroidManifest.xml:33:13-43:29
112                <action android:name="android.intent.action.VIEW" />
112-->[com.google.firebase:firebase-auth:21.0.7] AndroidManifest.xml:34:17-69
112-->[com.google.firebase:firebase-auth:21.0.7] AndroidManifest.xml:34:25-66
113
114                <category android:name="android.intent.category.DEFAULT" />
114-->[com.google.firebase:firebase-auth:21.0.7] AndroidManifest.xml:36:17-76
114-->[com.google.firebase:firebase-auth:21.0.7] AndroidManifest.xml:36:27-73
115                <category android:name="android.intent.category.BROWSABLE" />
115-->[com.google.firebase:firebase-auth:21.0.7] AndroidManifest.xml:37:17-78
115-->[com.google.firebase:firebase-auth:21.0.7] AndroidManifest.xml:37:27-75
116
117                <data
117-->[com.google.firebase:firebase-auth:21.0.7] AndroidManifest.xml:39:17-42:51
118                    android:host="firebase.auth"
118-->[com.google.firebase:firebase-auth:21.0.7] AndroidManifest.xml:40:21-49
119                    android:path="/"
119-->[com.google.firebase:firebase-auth:21.0.7] AndroidManifest.xml:41:21-37
120                    android:scheme="genericidp" />
120-->[com.google.firebase:firebase-auth:21.0.7] AndroidManifest.xml:42:21-48
121            </intent-filter>
122        </activity>
123        <activity
123-->[com.google.firebase:firebase-auth:21.0.7] AndroidManifest.xml:45:9-62:20
124            android:name="com.google.firebase.auth.internal.RecaptchaActivity"
124-->[com.google.firebase:firebase-auth:21.0.7] AndroidManifest.xml:46:13-79
125            android:excludeFromRecents="true"
125-->[com.google.firebase:firebase-auth:21.0.7] AndroidManifest.xml:47:13-46
126            android:exported="true"
126-->[com.google.firebase:firebase-auth:21.0.7] AndroidManifest.xml:48:13-36
127            android:launchMode="singleTask"
127-->[com.google.firebase:firebase-auth:21.0.7] AndroidManifest.xml:49:13-44
128            android:theme="@android:style/Theme.Translucent.NoTitleBar" >
128-->[com.google.firebase:firebase-auth:21.0.7] AndroidManifest.xml:50:13-72
129            <intent-filter>
129-->[com.google.firebase:firebase-auth:21.0.7] AndroidManifest.xml:51:13-61:29
130                <action android:name="android.intent.action.VIEW" />
130-->[com.google.firebase:firebase-auth:21.0.7] AndroidManifest.xml:34:17-69
130-->[com.google.firebase:firebase-auth:21.0.7] AndroidManifest.xml:34:25-66
131
132                <category android:name="android.intent.category.DEFAULT" />
132-->[com.google.firebase:firebase-auth:21.0.7] AndroidManifest.xml:36:17-76
132-->[com.google.firebase:firebase-auth:21.0.7] AndroidManifest.xml:36:27-73
133                <category android:name="android.intent.category.BROWSABLE" />
133-->[com.google.firebase:firebase-auth:21.0.7] AndroidManifest.xml:37:17-78
133-->[com.google.firebase:firebase-auth:21.0.7] AndroidManifest.xml:37:27-75
134
135                <data
135-->[com.google.firebase:firebase-auth:21.0.7] AndroidManifest.xml:39:17-42:51
136                    android:host="firebase.auth"
136-->[com.google.firebase:firebase-auth:21.0.7] AndroidManifest.xml:40:21-49
137                    android:path="/"
137-->[com.google.firebase:firebase-auth:21.0.7] AndroidManifest.xml:41:21-37
138                    android:scheme="recaptcha" />
138-->[com.google.firebase:firebase-auth:21.0.7] AndroidManifest.xml:42:21-48
139            </intent-filter>
140        </activity>
141
142        <provider
142-->[com.google.firebase:firebase-common:20.1.2] AndroidManifest.xml:26:9-31:39
143            android:name="com.google.firebase.provider.FirebaseInitProvider"
143-->[com.google.firebase:firebase-common:20.1.2] AndroidManifest.xml:27:13-77
144            android:authorities="com.example.Skin_Identification_.firebaseinitprovider"
144-->[com.google.firebase:firebase-common:20.1.2] AndroidManifest.xml:28:13-72
145            android:directBootAware="true"
145-->[com.google.firebase:firebase-common:20.1.2] AndroidManifest.xml:29:13-43
146            android:exported="false"
146-->[com.google.firebase:firebase-common:20.1.2] AndroidManifest.xml:30:13-37
147            android:initOrder="100" />
147-->[com.google.firebase:firebase-common:20.1.2] AndroidManifest.xml:31:13-36
148
149        <activity
149-->[com.google.android.gms:play-services-base:18.0.1] AndroidManifest.xml:20:9-22:45
150            android:name="com.google.android.gms.common.api.GoogleApiActivity"
150-->[com.google.android.gms:play-services-base:18.0.1] AndroidManifest.xml:20:19-85
151            android:exported="false"
151-->[com.google.android.gms:play-services-base:18.0.1] AndroidManifest.xml:22:19-43
152            android:theme="@android:style/Theme.Translucent.NoTitleBar" />
152-->[com.google.android.gms:play-services-base:18.0.1] AndroidManifest.xml:21:19-78
153
154        <receiver
154-->[com.google.android.gms:play-services-measurement:21.1.0] AndroidManifest.xml:29:9-33:20
155            android:name="com.google.android.gms.measurement.AppMeasurementReceiver"
155-->[com.google.android.gms:play-services-measurement:21.1.0] AndroidManifest.xml:30:13-85
156            android:enabled="true"
156-->[com.google.android.gms:play-services-measurement:21.1.0] AndroidManifest.xml:31:13-35
157            android:exported="false" >
157-->[com.google.android.gms:play-services-measurement:21.1.0] AndroidManifest.xml:32:13-37
158        </receiver>
159
160        <service
160-->[com.google.android.gms:play-services-measurement:21.1.0] AndroidManifest.xml:35:9-38:40
161            android:name="com.google.android.gms.measurement.AppMeasurementService"
161-->[com.google.android.gms:play-services-measurement:21.1.0] AndroidManifest.xml:36:13-84
162            android:enabled="true"
162-->[com.google.android.gms:play-services-measurement:21.1.0] AndroidManifest.xml:37:13-35
163            android:exported="false" />
163-->[com.google.android.gms:play-services-measurement:21.1.0] AndroidManifest.xml:38:13-37
164        <service
164-->[com.google.android.gms:play-services-measurement:21.1.0] AndroidManifest.xml:39:9-43:72
165            android:name="com.google.android.gms.measurement.AppMeasurementJobService"
165-->[com.google.android.gms:play-services-measurement:21.1.0] AndroidManifest.xml:40:13-87
166            android:enabled="true"
166-->[com.google.android.gms:play-services-measurement:21.1.0] AndroidManifest.xml:41:13-35
167            android:exported="false"
167-->[com.google.android.gms:play-services-measurement:21.1.0] AndroidManifest.xml:42:13-37
168            android:permission="android.permission.BIND_JOB_SERVICE" />
168-->[com.google.android.gms:play-services-measurement:21.1.0] AndroidManifest.xml:43:13-69
169
170        <meta-data
170-->[com.google.android.gms:play-services-basement:18.1.0] AndroidManifest.xml:21:9-23:69
171            android:name="com.google.android.gms.version"
171-->[com.google.android.gms:play-services-basement:18.1.0] AndroidManifest.xml:22:13-58
172            android:value="@integer/google_play_services_version" />
172-->[com.google.android.gms:play-services-basement:18.1.0] AndroidManifest.xml:23:13-66
173
174        <provider
174-->[androidx.emoji2:emoji2:1.0.0] AndroidManifest.xml:26:9-34:20
175            android:name="androidx.startup.InitializationProvider"
175-->[androidx.emoji2:emoji2:1.0.0] AndroidManifest.xml:27:13-67
176            android:authorities="com.example.Skin_Identification_.androidx-startup"
176-->[androidx.emoji2:emoji2:1.0.0] AndroidManifest.xml:28:13-68
177            android:exported="false" >
177-->[androidx.emoji2:emoji2:1.0.0] AndroidManifest.xml:29:13-37
178            <meta-data
178-->[androidx.emoji2:emoji2:1.0.0] AndroidManifest.xml:31:13-33:52
179                android:name="androidx.emoji2.text.EmojiCompatInitializer"
179-->[androidx.emoji2:emoji2:1.0.0] AndroidManifest.xml:32:17-75
180                android:value="androidx.startup" />
180-->[androidx.emoji2:emoji2:1.0.0] AndroidManifest.xml:33:17-49
181            <meta-data
181-->[androidx.lifecycle:lifecycle-process:2.4.0] AndroidManifest.xml:31:13-33:52
182                android:name="androidx.lifecycle.ProcessLifecycleInitializer"
182-->[androidx.lifecycle:lifecycle-process:2.4.0] AndroidManifest.xml:32:17-78
183                android:value="androidx.startup" />
183-->[androidx.lifecycle:lifecycle-process:2.4.0] AndroidManifest.xml:33:17-49
184        </provider>
185    </application>
186
187</manifest>